Determining if the pthread_create exist failed with the following output:
Change Dir: /opt/repos/ROS_2_VESC_Node/src/vesc_node/cmake-build-debug/CMakeFiles/CMakeTmp

Run Build Command(s):/usr/bin/make cmTC_82c3c/fast 
/usr/bin/make -f CMakeFiles/cmTC_82c3c.dir/build.make CMakeFiles/cmTC_82c3c.dir/build
make[1]: Entering directory '/opt/repos/ROS_2_VESC_Node/src/vesc_node/cmake-build-debug/CMakeFiles/CMakeTmp'
Building C object CMakeFiles/cmTC_82c3c.dir/CheckSymbolExists.c.o
/usr/bin/cc    -o CMakeFiles/cmTC_82c3c.dir/CheckSymbolExists.c.o   -c /opt/repos/ROS_2_VESC_Node/src/vesc_node/cmake-build-debug/CMakeFiles/CMakeTmp/CheckSymbolExists.c
Linking C executable cmTC_82c3c
/opt/clion/bin/cmake/linux/bin/cmake -E cmake_link_script CMakeFiles/cmTC_82c3c.dir/link.txt --verbose=1
/usr/bin/cc      CMakeFiles/cmTC_82c3c.dir/CheckSymbolExists.c.o  -o cmTC_82c3c 
CMakeFiles/cmTC_82c3c.dir/CheckSymbolExists.c.o: In function `main':
CheckSymbolExists.c:(.text+0x1b): undefined reference to `pthread_create'
collect2: error: ld returned 1 exit status
CMakeFiles/cmTC_82c3c.dir/build.make:86: recipe for target 'cmTC_82c3c' failed
make[1]: *** [cmTC_82c3c] Error 1
make[1]: Leaving directory '/opt/repos/ROS_2_VESC_Node/src/vesc_node/cmake-build-debug/CMakeFiles/CMakeTmp'
Makefile:121: recipe for target 'cmTC_82c3c/fast' failed
make: *** [cmTC_82c3c/fast] Error 2

File /opt/repos/ROS_2_VESC_Node/src/vesc_node/cmake-build-debug/CMakeFiles/CMakeTmp/CheckSymbolExists.c:
/* */
#include <pthread.h>

int main(int argc, char** argv)
{
  (void)argv;
#ifndef pthread_create
  return ((int*)(&pthread_create))[argc];
#else
  (void)argc;
  return 0;
#endif
}

Determining if the function pthread_create exists in the pthreads failed with the following output:
Change Dir: /opt/repos/ROS_2_VESC_Node/src/vesc_node/cmake-build-debug/CMakeFiles/CMakeTmp

Run Build Command(s):/usr/bin/make cmTC_59ef1/fast 
/usr/bin/make -f CMakeFiles/cmTC_59ef1.dir/build.make CMakeFiles/cmTC_59ef1.dir/build
make[1]: Entering directory '/opt/repos/ROS_2_VESC_Node/src/vesc_node/cmake-build-debug/CMakeFiles/CMakeTmp'
Building C object CMakeFiles/cmTC_59ef1.dir/CheckFunctionExists.c.o
/usr/bin/cc   -DCHECK_FUNCTION_EXISTS=pthread_create   -o CMakeFiles/cmTC_59ef1.dir/CheckFunctionExists.c.o   -c /opt/clion/bin/cmake/linux/share/cmake-3.14/Modules/CheckFunctionExists.c
Linking C executable cmTC_59ef1
/opt/clion/bin/cmake/linux/bin/cmake -E cmake_link_script CMakeFiles/cmTC_59ef1.dir/link.txt --verbose=1
/usr/bin/cc  -DCHECK_FUNCTION_EXISTS=pthread_create    CMakeFiles/cmTC_59ef1.dir/CheckFunctionExists.c.o  -o cmTC_59ef1 -lpthreads 
/usr/bin/ld: cannot find -lpthreads
collect2: error: ld returned 1 exit status
CMakeFiles/cmTC_59ef1.dir/build.make:86: recipe for target 'cmTC_59ef1' failed
make[1]: *** [cmTC_59ef1] Error 1
make[1]: Leaving directory '/opt/repos/ROS_2_VESC_Node/src/vesc_node/cmake-build-debug/CMakeFiles/CMakeTmp'
Makefile:121: recipe for target 'cmTC_59ef1/fast' failed
make: *** [cmTC_59ef1/fast] Error 2


