[0.147s] DEBUG:colcon:Command line arguments: ['/usr/bin/colcon', 'build']
[0.147s] DEBUG:colcon:Parsed command line arguments: Namespace(ament_cmake_args=None, base_paths='.', build_base='build', catkin_cmake_args=None, catkin_skip_building_tests=False, cmake_args=None, cmake_clean_cache=False, cmake_clean_first=False, cmake_force_configure=False, cmake_target=None, cmake_target_skip_unavailable=False, continue_on_error=False, event_handlers=None, executor='parallel', ignore_user_meta=False, install_base='install', log_base='log', log_level=None, main=<bound method BuildVerb.main of <colcon_core.verb.build.BuildVerb object at 0x7f5acb5db630>>, merge_install=False, metas='./colcon.meta', packages_above=None, packages_above_depth=None, packages_end=None, packages_ignore=None, packages_ignore_regex=None, packages_select=None, packages_select_build_failed=False, packages_select_by_dep=None, packages_select_regex=None, packages_select_test_failures=False, packages_skip=None, packages_skip_build_finished=False, packages_skip_by_dep=None, packages_skip_regex=None, packages_skip_test_passed=False, packages_skip_up_to=None, packages_start=None, packages_up_to=None, parallel_workers=12, paths=None, symlink_install=False, test_result_base=None, verb_extension=<colcon_core.verb.build.BuildVerb object at 0x7f5acb5db630>, verb_name='build', verb_parser=<colcon_defaults.argument_parser.defaults.DefaultArgumentsDecorator object at 0x7f5acb5db940>)
[0.183s] Level 1:colcon.colcon_core.package_discovery:discover_packages(colcon_meta) check parameters
[0.184s] Level 1:colcon.colcon_core.package_discovery:discover_packages(recursive) check parameters
[0.184s] Level 1:colcon.colcon_core.package_discovery:discover_packages(ignore) check parameters
[0.184s] Level 1:colcon.colcon_core.package_discovery:discover_packages(path) check parameters
[0.184s] Level 1:colcon.colcon_core.package_discovery:discover_packages(recursive) discover
[0.184s] INFO:colcon.colcon_core.package_discovery:Crawling recursively for packages in '/opt/repos/ROS_2_VESC_Node/src/vesc_node/motor_msgs'
[0.184s] Level 1:colcon.colcon_core.package_identification:_identify(/opt/repos/ROS_2_VESC_Node/src/vesc_node/motor_msgs) by extensions ['ignore', 'ignore_ament_install']
[0.184s] Level 1:colcon.colcon_core.package_identification:_identify(/opt/repos/ROS_2_VESC_Node/src/vesc_node/motor_msgs) by extension 'ignore'
[0.184s] Level 1:colcon.colcon_core.package_identification:_identify(/opt/repos/ROS_2_VESC_Node/src/vesc_node/motor_msgs) by extension 'ignore_ament_install'
[0.184s] Level 1:colcon.colcon_core.package_identification:_identify(/opt/repos/ROS_2_VESC_Node/src/vesc_node/motor_msgs) by extensions ['colcon_pkg']
[0.185s] Level 1:colcon.colcon_core.package_identification:_identify(/opt/repos/ROS_2_VESC_Node/src/vesc_node/motor_msgs) by extension 'colcon_pkg'
[0.185s] Level 1:colcon.colcon_core.package_identification:_identify(/opt/repos/ROS_2_VESC_Node/src/vesc_node/motor_msgs) by extensions ['colcon_meta']
[0.185s] Level 1:colcon.colcon_core.package_identification:_identify(/opt/repos/ROS_2_VESC_Node/src/vesc_node/motor_msgs) by extension 'colcon_meta'
[0.185s] Level 1:colcon.colcon_core.package_identification:_identify(/opt/repos/ROS_2_VESC_Node/src/vesc_node/motor_msgs) by extensions ['ros']
[0.185s] Level 1:colcon.colcon_core.package_identification:_identify(/opt/repos/ROS_2_VESC_Node/src/vesc_node/motor_msgs) by extension 'ros'
[0.198s] DEBUG:colcon.colcon_core.package_identification:Package '/opt/repos/ROS_2_VESC_Node/src/vesc_node/motor_msgs' with type 'ros.ament_cmake' and name 'motor_msgs'
[0.198s] Level 1:colcon.colcon_core.package_discovery:discover_packages(recursive) using defaults
[0.203s] Level 5:colcon.colcon_core.verb:set package 'motor_msgs' build argument 'cmake_args' from command line to 'None'
[0.203s] Level 5:colcon.colcon_core.verb:set package 'motor_msgs' build argument 'cmake_target' from command line to 'None'
[0.203s] Level 5:colcon.colcon_core.verb:set package 'motor_msgs' build argument 'cmake_target_skip_unavailable' from command line to 'False'
[0.203s] Level 5:colcon.colcon_core.verb:set package 'motor_msgs' build argument 'cmake_clean_cache' from command line to 'False'
[0.203s] Level 5:colcon.colcon_core.verb:set package 'motor_msgs' build argument 'cmake_clean_first' from command line to 'False'
[0.203s] Level 5:colcon.colcon_core.verb:set package 'motor_msgs' build argument 'cmake_force_configure' from command line to 'False'
[0.203s] Level 5:colcon.colcon_core.verb:set package 'motor_msgs' build argument 'ament_cmake_args' from command line to 'None'
[0.203s] Level 5:colcon.colcon_core.verb:set package 'motor_msgs' build argument 'catkin_cmake_args' from command line to 'None'
[0.203s] Level 5:colcon.colcon_core.verb:set package 'motor_msgs' build argument 'catkin_skip_building_tests' from command line to 'False'
[0.204s] DEBUG:colcon.colcon_core.verb:Building package 'motor_msgs' with the following arguments: {'ament_cmake_args': None, 'build_base': '/opt/repos/ROS_2_VESC_Node/src/vesc_node/motor_msgs/build/motor_msgs', 'catkin_cmake_args': None, 'catkin_skip_building_tests': False, 'cmake_args': None, 'cmake_clean_cache': False, 'cmake_clean_first': False, 'cmake_force_configure': False, 'cmake_target': None, 'cmake_target_skip_unavailable': False, 'install_base': '/opt/repos/ROS_2_VESC_Node/src/vesc_node/motor_msgs/install/motor_msgs', 'merge_install': False, 'path': '/opt/repos/ROS_2_VESC_Node/src/vesc_node/motor_msgs', 'symlink_install': False, 'test_result_base': None}
[0.205s] INFO:colcon.colcon_core.executor:Executing jobs using 'parallel' executor
[0.206s] DEBUG:colcon.colcon_parallel_executor.executor.parallel:run_until_complete
[0.206s] INFO:colcon.colcon_ros.task.ament_cmake.build:Building ROS package in '/opt/repos/ROS_2_VESC_Node/src/vesc_node/motor_msgs' with build type 'ament_cmake'
[0.210s] INFO:colcon.colcon_core.plugin_system:Skipping extension 'colcon_core.shell.bat': Not used on non-Windows systems
[0.210s] INFO:colcon.colcon_cmake.task.cmake.build:Building CMake package in '/opt/repos/ROS_2_VESC_Node/src/vesc_node/motor_msgs'
[0.211s] INFO:colcon.colcon_core.shell:Skip shell extension 'powershell' for command environment: Not usable outside of PowerShell
[0.214s] DEBUG:colcon.colcon_core.shell:Ignoring prefix path '/opt/ros/dashing'
[0.227s] DEBUG:colcon.colcon_core.event_handler.log_command:Invoking command in '/opt/repos/ROS_2_VESC_Node/src/vesc_node/motor_msgs/build/motor_msgs': CMAKE_PREFIX_PATH=${CMAKE_PREFIX_PATH}:/opt/repos/ROS_2_VESC_Node/install/examples_rclpy_minimal_subscriber:/opt/repos/ROS_2_VESC_Node/install/examples_rclpy_minimal_service:/opt/repos/ROS_2_VESC_Node/install/examples_rclpy_minimal_publisher:/opt/repos/ROS_2_VESC_Node/install/examples_rclpy_minimal_client:/opt/repos/ROS_2_VESC_Node/install/examples_rclpy_minimal_action_server:/opt/repos/ROS_2_VESC_Node/install/examples_rclpy_minimal_action_client:/opt/repos/ROS_2_VESC_Node/install/examples_rclpy_executors:/opt/ros/dashing /usr/bin/cmake /opt/repos/ROS_2_VESC_Node/src/vesc_node/motor_msgs -DCMAKE_INSTALL_PREFIX=/opt/repos/ROS_2_VESC_Node/src/vesc_node/motor_msgs/install/motor_msgs
[1.352s] DEBUG:colcon.colcon_core.event_handler.log_command:Invoked command in '/opt/repos/ROS_2_VESC_Node/src/vesc_node/motor_msgs/build/motor_msgs' returned '0': CMAKE_PREFIX_PATH=${CMAKE_PREFIX_PATH}:/opt/repos/ROS_2_VESC_Node/install/examples_rclpy_minimal_subscriber:/opt/repos/ROS_2_VESC_Node/install/examples_rclpy_minimal_service:/opt/repos/ROS_2_VESC_Node/install/examples_rclpy_minimal_publisher:/opt/repos/ROS_2_VESC_Node/install/examples_rclpy_minimal_client:/opt/repos/ROS_2_VESC_Node/install/examples_rclpy_minimal_action_server:/opt/repos/ROS_2_VESC_Node/install/examples_rclpy_minimal_action_client:/opt/repos/ROS_2_VESC_Node/install/examples_rclpy_executors:/opt/ros/dashing /usr/bin/cmake /opt/repos/ROS_2_VESC_Node/src/vesc_node/motor_msgs -DCMAKE_INSTALL_PREFIX=/opt/repos/ROS_2_VESC_Node/src/vesc_node/motor_msgs/install/motor_msgs
[1.357s] DEBUG:colcon.colcon_core.event_handler.log_command:Invoking command in '/opt/repos/ROS_2_VESC_Node/src/vesc_node/motor_msgs/build/motor_msgs': CMAKE_PREFIX_PATH=${CMAKE_PREFIX_PATH}:/opt/repos/ROS_2_VESC_Node/install/examples_rclpy_minimal_subscriber:/opt/repos/ROS_2_VESC_Node/install/examples_rclpy_minimal_service:/opt/repos/ROS_2_VESC_Node/install/examples_rclpy_minimal_publisher:/opt/repos/ROS_2_VESC_Node/install/examples_rclpy_minimal_client:/opt/repos/ROS_2_VESC_Node/install/examples_rclpy_minimal_action_server:/opt/repos/ROS_2_VESC_Node/install/examples_rclpy_minimal_action_client:/opt/repos/ROS_2_VESC_Node/install/examples_rclpy_executors:/opt/ros/dashing /usr/bin/cmake --build /opt/repos/ROS_2_VESC_Node/src/vesc_node/motor_msgs/build/motor_msgs -- -j12 -l12
[3.974s] DEBUG:colcon.colcon_core.event_handler.log_command:Invoked command in '/opt/repos/ROS_2_VESC_Node/src/vesc_node/motor_msgs/build/motor_msgs' returned '0': CMAKE_PREFIX_PATH=${CMAKE_PREFIX_PATH}:/opt/repos/ROS_2_VESC_Node/install/examples_rclpy_minimal_subscriber:/opt/repos/ROS_2_VESC_Node/install/examples_rclpy_minimal_service:/opt/repos/ROS_2_VESC_Node/install/examples_rclpy_minimal_publisher:/opt/repos/ROS_2_VESC_Node/install/examples_rclpy_minimal_client:/opt/repos/ROS_2_VESC_Node/install/examples_rclpy_minimal_action_server:/opt/repos/ROS_2_VESC_Node/install/examples_rclpy_minimal_action_client:/opt/repos/ROS_2_VESC_Node/install/examples_rclpy_executors:/opt/ros/dashing /usr/bin/cmake --build /opt/repos/ROS_2_VESC_Node/src/vesc_node/motor_msgs/build/motor_msgs -- -j12 -l12
[4.029s] DEBUG:colcon.colcon_core.event_handler.log_command:Invoking command in '/opt/repos/ROS_2_VESC_Node/src/vesc_node/motor_msgs/build/motor_msgs': CMAKE_PREFIX_PATH=${CMAKE_PREFIX_PATH}:/opt/repos/ROS_2_VESC_Node/install/examples_rclpy_minimal_subscriber:/opt/repos/ROS_2_VESC_Node/install/examples_rclpy_minimal_service:/opt/repos/ROS_2_VESC_Node/install/examples_rclpy_minimal_publisher:/opt/repos/ROS_2_VESC_Node/install/examples_rclpy_minimal_client:/opt/repos/ROS_2_VESC_Node/install/examples_rclpy_minimal_action_server:/opt/repos/ROS_2_VESC_Node/install/examples_rclpy_minimal_action_client:/opt/repos/ROS_2_VESC_Node/install/examples_rclpy_executors:/opt/ros/dashing /usr/bin/cmake --build /opt/repos/ROS_2_VESC_Node/src/vesc_node/motor_msgs/build/motor_msgs --target install
[4.641s] Level 1:colcon.colcon_core.environment:create_environment_scripts_only(motor_msgs)
[4.643s] DEBUG:colcon.colcon_core.event_handler.log_command:Invoked command in '/opt/repos/ROS_2_VESC_Node/src/vesc_node/motor_msgs/build/motor_msgs' returned '0': CMAKE_PREFIX_PATH=${CMAKE_PREFIX_PATH}:/opt/repos/ROS_2_VESC_Node/install/examples_rclpy_minimal_subscriber:/opt/repos/ROS_2_VESC_Node/install/examples_rclpy_minimal_service:/opt/repos/ROS_2_VESC_Node/install/examples_rclpy_minimal_publisher:/opt/repos/ROS_2_VESC_Node/install/examples_rclpy_minimal_client:/opt/repos/ROS_2_VESC_Node/install/examples_rclpy_minimal_action_server:/opt/repos/ROS_2_VESC_Node/install/examples_rclpy_minimal_action_client:/opt/repos/ROS_2_VESC_Node/install/examples_rclpy_executors:/opt/ros/dashing /usr/bin/cmake --build /opt/repos/ROS_2_VESC_Node/src/vesc_node/motor_msgs/build/motor_msgs --target install
[4.649s] Level 1:colcon.colcon_core.environment:checking '/opt/repos/ROS_2_VESC_Node/src/vesc_node/motor_msgs/install/motor_msgs' for CMake module files
[4.650s] Level 1:colcon.colcon_core.environment:checking '/opt/repos/ROS_2_VESC_Node/src/vesc_node/motor_msgs/install/motor_msgs' for CMake config files
[4.650s] Level 1:colcon.colcon_core.shell:create_environment_hook('motor_msgs', 'cmake_prefix_path')
[4.651s] INFO:colcon.colcon_core.shell:Creating environment hook '/opt/repos/ROS_2_VESC_Node/src/vesc_node/motor_msgs/install/motor_msgs/share/motor_msgs/hook/cmake_prefix_path.ps1'
[4.652s] INFO:colcon.colcon_core.shell:Creating environment hook '/opt/repos/ROS_2_VESC_Node/src/vesc_node/motor_msgs/install/motor_msgs/share/motor_msgs/hook/cmake_prefix_path.sh'
[4.653s] Level 1:colcon.colcon_core.environment:checking '/opt/repos/ROS_2_VESC_Node/src/vesc_node/motor_msgs/install/motor_msgs/lib'
[4.653s] Level 1:colcon.colcon_core.shell:create_environment_hook('motor_msgs', 'ld_library_path_lib')
[4.654s] INFO:colcon.colcon_core.shell:Creating environment hook '/opt/repos/ROS_2_VESC_Node/src/vesc_node/motor_msgs/install/motor_msgs/share/motor_msgs/hook/ld_library_path_lib.ps1'
[4.654s] INFO:colcon.colcon_core.shell:Creating environment hook '/opt/repos/ROS_2_VESC_Node/src/vesc_node/motor_msgs/install/motor_msgs/share/motor_msgs/hook/ld_library_path_lib.sh'
[4.655s] Level 1:colcon.colcon_core.environment:checking '/opt/repos/ROS_2_VESC_Node/src/vesc_node/motor_msgs/install/motor_msgs/bin'
[4.655s] Level 1:colcon.colcon_core.environment:checking '/opt/repos/ROS_2_VESC_Node/src/vesc_node/motor_msgs/install/motor_msgs/lib/pkgconfig/motor_msgs.pc'
[4.655s] Level 1:colcon.colcon_core.environment:checking '/opt/repos/ROS_2_VESC_Node/src/vesc_node/motor_msgs/install/motor_msgs/lib/python3.6/site-packages'
[4.655s] Level 1:colcon.colcon_core.shell:create_environment_hook('motor_msgs', 'pythonpath')
[4.655s] INFO:colcon.colcon_core.shell:Creating environment hook '/opt/repos/ROS_2_VESC_Node/src/vesc_node/motor_msgs/install/motor_msgs/share/motor_msgs/hook/pythonpath.ps1'
[4.656s] INFO:colcon.colcon_core.shell:Creating environment hook '/opt/repos/ROS_2_VESC_Node/src/vesc_node/motor_msgs/install/motor_msgs/share/motor_msgs/hook/pythonpath.sh'
[4.657s] INFO:colcon.colcon_core.shell:Creating package script '/opt/repos/ROS_2_VESC_Node/src/vesc_node/motor_msgs/install/motor_msgs/share/motor_msgs/package.ps1'
[4.658s] INFO:colcon.colcon_core.shell:Creating package script '/opt/repos/ROS_2_VESC_Node/src/vesc_node/motor_msgs/install/motor_msgs/share/motor_msgs/package.sh'
[4.659s] INFO:colcon.colcon_core.shell:Creating package script '/opt/repos/ROS_2_VESC_Node/src/vesc_node/motor_msgs/install/motor_msgs/share/motor_msgs/package.bash'
[4.660s] INFO:colcon.colcon_core.shell:Creating package script '/opt/repos/ROS_2_VESC_Node/src/vesc_node/motor_msgs/install/motor_msgs/share/motor_msgs/package.zsh'
[4.661s] Level 1:colcon.colcon_core.environment:create_file_with_runtime_dependencies(/opt/repos/ROS_2_VESC_Node/src/vesc_node/motor_msgs/install/motor_msgs/share/colcon-core/packages/motor_msgs)
[4.662s] DEBUG:colcon.colcon_parallel_executor.executor.parallel:closing loop
[4.662s] DEBUG:colcon.colcon_parallel_executor.executor.parallel:loop closed
[4.662s] DEBUG:colcon.colcon_parallel_executor.executor.parallel:run_until_complete finished with '0'
[4.662s] DEBUG:colcon.colcon_core.event_reactor:joining thread
[4.675s] INFO:colcon.colcon_core.plugin_system:Skipping extension 'colcon_notification.desktop_notification.terminal_notifier': Not used on non-Darwin systems
[4.675s] INFO:colcon.colcon_core.plugin_system:Skipping extension 'colcon_notification.desktop_notification.win32': Not used on non-Windows systems
[4.675s] INFO:colcon.colcon_notification.desktop_notification:Sending desktop notification using 'notify2'
[4.691s] DEBUG:colcon.colcon_notification.desktop_notification.notify2:Failed to initialize notify2: org.freedesktop.DBus.Error.ServiceUnknown: The name org.freedesktop.Notifications was not provided by any .service files
[4.692s] DEBUG:colcon.colcon_core.event_reactor:joined thread
[4.693s] INFO:colcon.colcon_core.shell:Creating prefix script '/opt/repos/ROS_2_VESC_Node/src/vesc_node/motor_msgs/install/local_setup.ps1'
[4.697s] INFO:colcon.colcon_core.shell:Creating prefix chain script '/opt/repos/ROS_2_VESC_Node/src/vesc_node/motor_msgs/install/setup.ps1'
[4.703s] INFO:colcon.colcon_core.shell:Creating prefix script '/opt/repos/ROS_2_VESC_Node/src/vesc_node/motor_msgs/install/local_setup.sh'
[4.705s] INFO:colcon.colcon_core.shell:Creating prefix chain script '/opt/repos/ROS_2_VESC_Node/src/vesc_node/motor_msgs/install/setup.sh'
[4.709s] INFO:colcon.colcon_core.shell:Creating prefix script '/opt/repos/ROS_2_VESC_Node/src/vesc_node/motor_msgs/install/local_setup.bash'
[4.710s] INFO:colcon.colcon_core.shell:Creating prefix chain script '/opt/repos/ROS_2_VESC_Node/src/vesc_node/motor_msgs/install/setup.bash'
[4.713s] INFO:colcon.colcon_core.shell:Creating prefix script '/opt/repos/ROS_2_VESC_Node/src/vesc_node/motor_msgs/install/local_setup.zsh'
[4.714s] INFO:colcon.colcon_core.shell:Creating prefix chain script '/opt/repos/ROS_2_VESC_Node/src/vesc_node/motor_msgs/install/setup.zsh'
