Invoking command in '/opt/repos/ROS_2_VESC_Node/src/vesc_node/motor_msgs/build/motor_msgs': CMAKE_PREFIX_PATH=${CMAKE_PREFIX_PATH}:/opt/repos/ROS_2_VESC_Node/install/examples_rclpy_minimal_subscriber:/opt/repos/ROS_2_VESC_Node/install/examples_rclpy_minimal_service:/opt/repos/ROS_2_VESC_Node/install/examples_rclpy_minimal_publisher:/opt/repos/ROS_2_VESC_Node/install/examples_rclpy_minimal_client:/opt/repos/ROS_2_VESC_Node/install/examples_rclpy_minimal_action_server:/opt/repos/ROS_2_VESC_Node/install/examples_rclpy_minimal_action_client:/opt/repos/ROS_2_VESC_Node/install/examples_rclpy_executors:/opt/ros/dashing /usr/bin/cmake /opt/repos/ROS_2_VESC_Node/src/vesc_node/motor_msgs -DCMAKE_INSTALL_PREFIX=/opt/repos/ROS_2_VESC_Node/src/vesc_node/motor_msgs/install/motor_msgs
-- The C compiler identification is GNU 7.4.0
-- The CXX compiler identification is GNU 7.4.0
-- Check for working C compiler: /usr/bin/cc
-- Check for working C compiler: /usr/bin/cc -- works
-- Detecting C compiler ABI info
-- Detecting C compiler ABI info - done
-- Detecting C compile features
-- Detecting C compile features - done
-- Check for working CXX compiler: /usr/bin/c++
-- Check for working CXX compiler: /usr/bin/c++ -- works
-- Detecting CXX compiler ABI info
-- Detecting CXX compiler ABI info - done
-- Detecting CXX compile features
-- Detecting CXX compile features - done
-- Found ament_cmake: 0.7.3 (/opt/ros/dashing/share/ament_cmake/cmake)
-- Found PythonInterp: /usr/bin/python3 (found suitable version "3.6.8", minimum required is "3") 
-- Using PYTHON_EXECUTABLE: /usr/bin/python3
-- Found rosidl_default_generators: 0.7.0 (/opt/ros/dashing/share/rosidl_default_generators/cmake)
-- Found OpenSSL: /usr/lib/x86_64-linux-gnu/libcrypto.so (found version "1.1.1") 
-- Found FastRTPS: /opt/ros/dashing/include  
-- Found rosidl_adapter: 0.7.4 (/opt/ros/dashing/share/rosidl_adapter/cmake)
-- Found PythonInterp: /usr/bin/python3 (found version "3.6.8") 
CMake Error at /opt/ros/dashing/share/rosidl_adapter/cmake/rosidl_adapt_interfaces.cmake:60 (message):
  execute_process(/usr/bin/python3 -m rosidl_adapter --package-name
  motor_msgs --arguments-file
  /opt/repos/ROS_2_VESC_Node/src/vesc_node/motor_msgs/build/motor_msgs/rosidl_adapter__arguments__motor_msgs.json
  --output-dir
  /opt/repos/ROS_2_VESC_Node/src/vesc_node/motor_msgs/build/motor_msgs/rosidl_adapter/motor_msgs
  --output-file
  /opt/repos/ROS_2_VESC_Node/src/vesc_node/motor_msgs/build/motor_msgs/rosidl_adapter/motor_msgs.idls)
  returned error code 1:

  Traceback (most recent call last):

    File "/usr/lib/python3.6/runpy.py", line 193, in _run_module_as_main
      "__main__", mod_spec)
    File "/usr/lib/python3.6/runpy.py", line 85, in _run_code
      exec(code, run_globals)
    File "/opt/ros/dashing/lib/python3.6/site-packages/rosidl_adapter/__main__.py", line 19, in <module>
      sys.exit(main())
    File "/opt/ros/dashing/lib/python3.6/site-packages/rosidl_adapter/main.py", line 55, in main
      pathlib.Path(relative_path), output_dir)
    File "/opt/ros/dashing/lib/python3.6/site-packages/rosidl_adapter/__init__.py", line 20, in convert_to_idl
      package_dir, package_name, interface_file, output_dir / 'msg')
    File "/opt/ros/dashing/lib/python3.6/site-packages/rosidl_adapter/msg/__init__.py", line 28, in convert_msg_to_idl
      msg = parse_message_string(package_name, input_file.stem, content)
    File "/opt/ros/dashing/lib/python3.6/site-packages/rosidl_adapter/parser.py", line 522, in parse_message_string
      msg = MessageSpecification(pkg_name, msg_name, fields, constants)
    File "/opt/ros/dashing/lib/python3.6/site-packages/rosidl_adapter/parser.py", line 373, in __init__
      pkg_name + PACKAGE_NAME_MESSAGE_TYPE_SEPARATOR + msg_name)
    File "/opt/ros/dashing/lib/python3.6/site-packages/rosidl_adapter/parser.py", line 196, in __init__
      raise InvalidResourceName(self.type)

  rosidl_adapter.parser.InvalidResourceName: motor_data

Call Stack (most recent call first):
  /opt/ros/dashing/share/rosidl_cmake/cmake/rosidl_generate_interfaces.cmake:130 (rosidl_adapt_interfaces)
  CMakeLists.txt:18 (rosidl_generate_interfaces)


-- Configuring incomplete, errors occurred!
See also "/opt/repos/ROS_2_VESC_Node/src/vesc_node/motor_msgs/build/motor_msgs/CMakeFiles/CMakeOutput.log".
Invoked command in '/opt/repos/ROS_2_VESC_Node/src/vesc_node/motor_msgs/build/motor_msgs' returned '1': CMAKE_PREFIX_PATH=${CMAKE_PREFIX_PATH}:/opt/repos/ROS_2_VESC_Node/install/examples_rclpy_minimal_subscriber:/opt/repos/ROS_2_VESC_Node/install/examples_rclpy_minimal_service:/opt/repos/ROS_2_VESC_Node/install/examples_rclpy_minimal_publisher:/opt/repos/ROS_2_VESC_Node/install/examples_rclpy_minimal_client:/opt/repos/ROS_2_VESC_Node/install/examples_rclpy_minimal_action_server:/opt/repos/ROS_2_VESC_Node/install/examples_rclpy_minimal_action_client:/opt/repos/ROS_2_VESC_Node/install/examples_rclpy_executors:/opt/ros/dashing /usr/bin/cmake /opt/repos/ROS_2_VESC_Node/src/vesc_node/motor_msgs -DCMAKE_INSTALL_PREFIX=/opt/repos/ROS_2_VESC_Node/src/vesc_node/motor_msgs/install/motor_msgs
